Step: build-step-credential-initializer:

{"level":"warn","ts":1549382750.0599198,"logger":"fallback-logger","caller":"logging/config.go:65","msg":"Fetch GitHub commit ID from kodata failed: \"ref: refs/heads/test\" is not a valid GitHub commit ID"}
{"level":"info","ts":1549382750.0613189,"logger":"fallback-logger","caller":"creds-init/main.go:40","msg":"Credentials initialized."}
Step: build-step-git-source-0:

{"level":"warn","ts":1549382750.7579546,"logger":"fallback-logger","caller":"logging/config.go:65","msg":"Fetch GitHub commit ID from kodata failed: \"ref: refs/heads/test\" is not a valid GitHub commit ID"}
{"level":"info","ts":1549382751.9349961,"logger":"fallback-logger","caller":"git-init/main.go:92","msg":"Successfully cloned \"https://github.com/tryggvil/golang-http3.git\" @ \"4a43041c4d4f0c0f3c5fdc7a30b300bcdd6f25ef\" in path \"/workspace\""}
Step: build-step-jenkins:

Picked up _JAVA_OPTIONS: -Xmx400m
Started
Running in Durability level: PERFORMANCE_OPTIMIZED
  12.147 [id=30]	WARNING	i.f.k.c.i.VersionUsageUtils#alert: The client is using resource type 'customresourcedefinitions' with unstable version 'v1beta1'
[Pipeline] node
Running on Jenkins in /tmp/jenkinsTests.tmp/jenkins7753701017950531813test/workspace/job
[Pipeline] {
[Pipeline] stage
[Pipeline] { (Declarative: Checkout SCM)
[Pipeline] checkout
[Pipeline] }
[Pipeline] // stage
[Pipeline] withCredentials
[Pipeline] {
[Pipeline] withEnv
[Pipeline] {
[Pipeline] stage
[Pipeline] { (CI Build and push snapshot)
[Pipeline] withEnv
[Pipeline] {
[Pipeline] dir
Running in /home/jenkins/go/src/github.com/tryggvil/golang-http3
[Pipeline] {
[Pipeline] checkout
[Pipeline] sh
+ make linux
CGO_ENABLED=0 GOOS=linux GOARCH=amd64 GO15VENDOREXPERIMENT=1 go build -ldflags '' -o bin/golang-http3 main.go
[Pipeline] sh
+ export VERSION=0.0.0-SNAPSHOT-PR-3-1
+ skaffold build -f skaffold.yaml
time="2019-02-05T16:06:18Z" level=warning msg="config version (skaffold/v1beta2) out of date: upgrading to latest (skaffold/v1beta3)"
Starting build...
Building [changeme]...
Sending build context to Docker daemon  525.8kBSending build context to Docker daemon  6.502MB
Step 1/4 : FROM scratch
 ---> 
Step 2/4 : EXPOSE 8080
 ---> Using cache
 ---> e943148aa1b0
Step 3/4 : ENTRYPOINT /golang-http3
 ---> Using cache
 ---> 00da5d0748d2
Step 4/4 : COPY ./bin/ /
 ---> 00120c1629f3
Successfully built 00120c1629f3
The push refers to a repository [413249463454.dkr.ecr.us-west-2.amazonaws.com/tryggvil/golang-http3]
fc2c8ace5cd6: Preparing
fc2c8ace5cd6: Pushed
0.0.0-SNAPSHOT-PR-3-1: digest: sha256:3aa298b1708c5aac1c131326f88dfe03fffcf302c3cb27b7b95b3f53de66ef2c size: 528
Build complete in 12.097115035s
Starting test...
Test complete in 5.645µs
changeme -> 413249463454.dkr.ecr.us-west-2.amazonaws.com/tryggvil/golang-http3:0.0.0-SNAPSHOT-PR-3-1
There is a new version (0.22.0) of skaffold available. Download it at https://storage.googleapis.com/skaffold/releases/latest/skaffold-linux-amd64

[Pipeline] sh
+ jx step post build --image 413249463454.dkr.ecr.us-west-2.amazonaws.com/tryggvil/golang-http3:0.0.0-SNAPSHOT-PR-3-1
[Pipeline] }
[Pipeline] // dir
[Pipeline] dir
Running in /home/jenkins/go/src/github.com/tryggvil/golang-http3/charts/preview
[Pipeline] {
[Pipeline] sh
+ make preview
sed -i -e "s/version:.*/version: 0.0.0-SNAPSHOT-PR-3-1/" Chart.yaml
sed -i -e "s/version:.*/version: 0.0.0-SNAPSHOT-PR-3-1/" ../*/Chart.yaml
sed -i -e "s|repository:.*|repository: 413249463454.dkr.ecr.us-west-2.amazonaws.com\/tryggvil\/golang-http3|" values.yaml
sed -i -e "s/tag:.*/tag: 0.0.0-SNAPSHOT-PR-3-1/" values.yaml
echo "  version: 0.0.0-SNAPSHOT-PR-3-1" >> requirements.yaml
jx step helm build
No $CHART_REPOSITORY defined so using the default value of: http://jenkins-x-chartmuseum:8080
Adding missing Helm repo: releases http://jenkins-x-chartmuseum:8080
Successfully added Helm repository releases.
Adding missing Helm repo: jenkins-x http://chartmuseum.jenkins-x.io
Successfully added Helm repository jenkins-x.
[Pipeline] sh
+ jx preview --app golang-http3 --dir ../..
Creating a preview
Commit author email is empty for: 4a43041c4d4f0c0f3c5fdc7a30b300bcdd6f25ef
Looking for commits in: /home/jenkins/go/src/github.com/tryggvil/golang-http3/
Found commit author match for: tryggvil with email address: tryggvi.larusson@netapp.com
Created environment tryggvil-golang-http3-pr-3
Namespace jx-tryggvil-golang-http3-pr-3 created 
 expose:
  Annotations:
    helm.sh/hook: post-install,post-upgrade
    helm.sh/hook-delete-policy: hook-succeeded
  config:
    domain: jx.d.gq.is
    exposer: Ingress
    http: "true"
preview:
  image:
    repository: 413249463454.dkr.ecr.us-west-2.amazonaws.com/tryggvil/golang-http3
    tag: 0.0.0-SNAPSHOT-PR-3-1
Failed to update PipelineActivities tryggvil-golang-http3-pr-3-1: the namespace of the object (jx-tryggvil-golang-http3-pr-3) does not match the namespace on the request (jx)
Preview application is now available at: http://golang-http3.jx-tryggvil-golang-http3-pr-3.jx.d.gq.is

[Pipeline] }
[Pipeline] // dir
[Pipeline] }
[Pipeline] // withEnv
[Pipeline] }
[Pipeline] // stage
[Pipeline] stage
[Pipeline] { (Build Release)
Stage "Build Release" skipped due to when conditional
[Pipeline] }
[Pipeline] // stage
[Pipeline] stage
[Pipeline] { (Promote to Environments)
Stage "Promote to Environments" skipped due to when conditional
[Pipeline] }
[Pipeline] // stage
[Pipeline] }
[Pipeline] // withEnv
[Pipeline] }
[Pipeline] // withCredentials
[Pipeline] }
[Pipeline] // node
[Pipeline] End of Pipeline
Finished: SUCCESS
